{"/Users/lizavetabadunova/Documents/todo-vue/vue/my-project/src/App.vue": {"path":"/Users/lizavetabadunova/Documents/todo-vue/vue/my-project/src/App.vue","statementMap":{"0":{"start":{"line":10,"column":0},"end":{"line":10,"column":null}},"1":{"start":{"line":11,"column":0},"end":{"line":11,"column":null}},"2":{"start":{"line":12,"column":0},"end":{"line":12,"column":null}}},"fnMap":{},"branchMap":{},"s":{"0":0,"1":0,"2":0},"f":{},"b":{}}
,"/Users/lizavetabadunova/Documents/todo-vue/vue/my-project/src/components/atoms/AddTodo.vue": {"path":"/Users/lizavetabadunova/Documents/todo-vue/vue/my-project/src/components/atoms/AddTodo.vue","statementMap":{"0":{"start":{"line":14,"column":0},"end":{"line":14,"column":null}},"1":{"start":{"line":18,"column":0},"end":{"line":18,"column":null}},"2":{"start":{"line":25,"column":0},"end":{"line":25,"column":null}},"3":{"start":{"line":26,"column":0},"end":{"line":26,"column":null}},"4":{"start":{"line":27,"column":0},"end":{"line":27,"column":null}}},"fnMap":{"0":{"name":"(anonymous_1)","decl":{"start":{"line":17,"column":0},"end":{"line":17,"column":null}},"loc":{"start":{"line":17,"column":0},"end":{"line":21,"column":null}}},"1":{"name":"(anonymous_2)","decl":{"start":{"line":24,"column":0},"end":{"line":24,"column":null}},"loc":{"start":{"line":24,"column":0},"end":{"line":28,"column":null}}}},"branchMap":{},"s":{"0":2,"1":3,"2":1,"3":1,"4":1},"f":{"0":3,"1":1},"b":{}}
,"/Users/lizavetabadunova/Documents/todo-vue/vue/my-project/src/components/molecules/SortBtn.vue": {"path":"/Users/lizavetabadunova/Documents/todo-vue/vue/my-project/src/components/molecules/SortBtn.vue","statementMap":{"0":{"start":{"line":9,"column":0},"end":{"line":9,"column":null}},"1":{"start":{"line":19,"column":0},"end":{"line":19,"column":null}}},"fnMap":{"0":{"name":"(anonymous_1)","decl":{"start":{"line":18,"column":0},"end":{"line":18,"column":null}},"loc":{"start":{"line":18,"column":0},"end":{"line":20,"column":null}}}},"branchMap":{},"s":{"0":2,"1":1},"f":{"0":1},"b":{}}
,"/Users/lizavetabadunova/Documents/todo-vue/vue/my-project/src/components/molecules/TodoItem.vue": {"path":"/Users/lizavetabadunova/Documents/todo-vue/vue/my-project/src/components/molecules/TodoItem.vue","statementMap":{"0":{"start":{"line":12,"column":0},"end":{"line":12,"column":null}},"1":{"start":{"line":23,"column":0},"end":{"line":23,"column":null}},"2":{"start":{"line":26,"column":0},"end":{"line":26,"column":null}}},"fnMap":{"0":{"name":"(anonymous_1)","decl":{"start":{"line":22,"column":0},"end":{"line":22,"column":null}},"loc":{"start":{"line":22,"column":0},"end":{"line":24,"column":null}}},"1":{"name":"(anonymous_2)","decl":{"start":{"line":25,"column":0},"end":{"line":25,"column":null}},"loc":{"start":{"line":25,"column":0},"end":{"line":27,"column":null}}}},"branchMap":{},"s":{"0":2,"1":1,"2":1},"f":{"0":1,"1":1},"b":{}}
,"/Users/lizavetabadunova/Documents/todo-vue/vue/my-project/src/components/organisms/Footer.vue": {"path":"/Users/lizavetabadunova/Documents/todo-vue/vue/my-project/src/components/organisms/Footer.vue","statementMap":{"0":{"start":{"line":17,"column":0},"end":{"line":17,"column":null}},"1":{"start":{"line":18,"column":0},"end":{"line":18,"column":null}}},"fnMap":{},"branchMap":{},"s":{"0":1,"1":1},"f":{},"b":{}}
,"/Users/lizavetabadunova/Documents/todo-vue/vue/my-project/src/components/organisms/TodoList.vue": {"path":"/Users/lizavetabadunova/Documents/todo-vue/vue/my-project/src/components/organisms/TodoList.vue","statementMap":{"0":{"start":{"line":15,"column":0},"end":{"line":15,"column":null}},"1":{"start":{"line":16,"column":0},"end":{"line":16,"column":null}},"2":{"start":{"line":17,"column":0},"end":{"line":17,"column":null}},"3":{"start":{"line":23,"column":0},"end":{"line":23,"column":null}}},"fnMap":{"0":{"name":"(anonymous_1)","decl":{"start":{"line":22,"column":0},"end":{"line":22,"column":null}},"loc":{"start":{"line":22,"column":0},"end":{"line":24,"column":null}}}},"branchMap":{},"s":{"0":1,"1":1,"2":1,"3":1},"f":{"0":1},"b":{}}
,"/Users/lizavetabadunova/Documents/todo-vue/vue/my-project/src/store/index.js": {"path":"/Users/lizavetabadunova/Documents/todo-vue/vue/my-project/src/store/index.js","statementMap":{"0":{"start":{"line":4,"column":0},"end":{"line":4,"column":13}},"1":{"start":{"line":44,"column":21},"end":{"line":44,"column":41}},"2":{"start":{"line":45,"column":25},"end":{"line":45,"column":50}},"3":{"start":{"line":47,"column":6},"end":{"line":47,"column":64}},"4":{"start":{"line":47,"column":42},"end":{"line":47,"column":56}},"5":{"start":{"line":50,"column":6},"end":{"line":54,"column":7}},"6":{"start":{"line":51,"column":23},"end":{"line":51,"column":76}},"7":{"start":{"line":51,"column":59},"end":{"line":51,"column":74}},"8":{"start":{"line":52,"column":25},"end":{"line":52,"column":77}},"9":{"start":{"line":52,"column":61},"end":{"line":52,"column":75}},"10":{"start":{"line":53,"column":17},"end":{"line":53,"column":36}},"11":{"start":{"line":59,"column":6},"end":{"line":62,"column":7}},"12":{"start":{"line":60,"column":21},"end":{"line":60,"column":89}},"13":{"start":{"line":61,"column":8},"end":{"line":61,"column":33}},"14":{"start":{"line":63,"column":6},"end":{"line":63,"column":65}},"15":{"start":{"line":66,"column":6},"end":{"line":66,"column":62}},"16":{"start":{"line":66,"column":47},"end":{"line":66,"column":61}},"17":{"start":{"line":67,"column":6},"end":{"line":67,"column":65}},"18":{"start":{"line":70,"column":6},"end":{"line":72,"column":8}},"19":{"start":{"line":71,"column":8},"end":{"line":71,"column":71}},"20":{"start":{"line":73,"column":6},"end":{"line":73,"column":65}},"21":{"start":{"line":76,"column":6},"end":{"line":76,"column":25}},"22":{"start":{"line":77,"column":6},"end":{"line":79,"column":8}},"23":{"start":{"line":78,"column":8},"end":{"line":78,"column":71}},"24":{"start":{"line":82,"column":6},"end":{"line":82,"column":68}},"25":{"start":{"line":87,"column":6},"end":{"line":87,"column":39}}},"fnMap":{"0":{"name":"(anonymous_0)","decl":{"start":{"line":44,"column":4},"end":{"line":44,"column":5}},"loc":{"start":{"line":44,"column":19},"end":{"line":44,"column":43}},"line":44},"1":{"name":"(anonymous_1)","decl":{"start":{"line":45,"column":4},"end":{"line":45,"column":5}},"loc":{"start":{"line":45,"column":23},"end":{"line":45,"column":52}},"line":45},"2":{"name":"(anonymous_2)","decl":{"start":{"line":46,"column":4},"end":{"line":46,"column":5}},"loc":{"start":{"line":46,"column":26},"end":{"line":48,"column":5}},"line":46},"3":{"name":"(anonymous_3)","decl":{"start":{"line":47,"column":32},"end":{"line":47,"column":33}},"loc":{"start":{"line":47,"column":42},"end":{"line":47,"column":56}},"line":47},"4":{"name":"(anonymous_4)","decl":{"start":{"line":49,"column":4},"end":{"line":49,"column":5}},"loc":{"start":{"line":49,"column":23},"end":{"line":55,"column":5}},"line":49},"5":{"name":"(anonymous_5)","decl":{"start":{"line":51,"column":49},"end":{"line":51,"column":50}},"loc":{"start":{"line":51,"column":59},"end":{"line":51,"column":74}},"line":51},"6":{"name":"(anonymous_6)","decl":{"start":{"line":52,"column":51},"end":{"line":52,"column":52}},"loc":{"start":{"line":52,"column":61},"end":{"line":52,"column":75}},"line":52},"7":{"name":"(anonymous_7)","decl":{"start":{"line":58,"column":4},"end":{"line":58,"column":5}},"loc":{"start":{"line":58,"column":28},"end":{"line":64,"column":5}},"line":58},"8":{"name":"(anonymous_8)","decl":{"start":{"line":65,"column":4},"end":{"line":65,"column":5}},"loc":{"start":{"line":65,"column":26},"end":{"line":68,"column":5}},"line":65},"9":{"name":"(anonymous_9)","decl":{"start":{"line":66,"column":39},"end":{"line":66,"column":40}},"loc":{"start":{"line":66,"column":47},"end":{"line":66,"column":61}},"line":66},"10":{"name":"(anonymous_10)","decl":{"start":{"line":69,"column":4},"end":{"line":69,"column":5}},"loc":{"start":{"line":69,"column":32},"end":{"line":74,"column":5}},"line":69},"11":{"name":"(anonymous_11)","decl":{"start":{"line":70,"column":36},"end":{"line":70,"column":37}},"loc":{"start":{"line":71,"column":8},"end":{"line":71,"column":71}},"line":71},"12":{"name":"(anonymous_12)","decl":{"start":{"line":75,"column":4},"end":{"line":75,"column":5}},"loc":{"start":{"line":75,"column":34},"end":{"line":80,"column":5}},"line":75},"13":{"name":"(anonymous_13)","decl":{"start":{"line":77,"column":24},"end":{"line":77,"column":25}},"loc":{"start":{"line":78,"column":8},"end":{"line":78,"column":71}},"line":78},"14":{"name":"(anonymous_14)","decl":{"start":{"line":81,"column":4},"end":{"line":81,"column":5}},"loc":{"start":{"line":81,"column":26},"end":{"line":83,"column":5}},"line":81},"15":{"name":"(anonymous_15)","decl":{"start":{"line":86,"column":4},"end":{"line":86,"column":5}},"loc":{"start":{"line":86,"column":28},"end":{"line":88,"column":5}},"line":86}},"branchMap":{"0":{"loc":{"start":{"line":50,"column":6},"end":{"line":54,"column":7}},"type":"switch","locations":[{"start":{"line":51,"column":8},"end":{"line":51,"column":76}},{"start":{"line":52,"column":8},"end":{"line":52,"column":77}},{"start":{"line":53,"column":8},"end":{"line":53,"column":36}}],"line":50},"1":{"loc":{"start":{"line":59,"column":6},"end":{"line":62,"column":7}},"type":"if","locations":[{"start":{"line":59,"column":6},"end":{"line":62,"column":7}},{"start":{"line":59,"column":6},"end":{"line":62,"column":7}}],"line":59},"2":{"loc":{"start":{"line":71,"column":8},"end":{"line":71,"column":71}},"type":"cond-expr","locations":[{"start":{"line":71,"column":25},"end":{"line":71,"column":64}},{"start":{"line":71,"column":67},"end":{"line":71,"column":71}}],"line":71},"3":{"loc":{"start":{"line":78,"column":8},"end":{"line":78,"column":71}},"type":"cond-expr","locations":[{"start":{"line":78,"column":30},"end":{"line":78,"column":65}},{"start":{"line":78,"column":68},"end":{"line":78,"column":71}}],"line":78},"4":{"loc":{"start":{"line":82,"column":20},"end":{"line":82,"column":67}},"type":"binary-expr","locations":[{"start":{"line":82,"column":20},"end":{"line":82,"column":61}},{"start":{"line":82,"column":65},"end":{"line":82,"column":67}}],"line":82}},"s":{"0":1,"1":1,"2":1,"3":1,"4":3,"5":1,"6":0,"7":0,"8":0,"9":0,"10":1,"11":0,"12":0,"13":0,"14":0,"15":0,"16":0,"17":0,"18":0,"19":0,"20":0,"21":0,"22":0,"23":0,"24":0,"25":0},"f":{"0":1,"1":1,"2":1,"3":3,"4":1,"5":0,"6":0,"7":0,"8":0,"9":0,"10":0,"11":0,"12":0,"13":0,"14":0,"15":0},"b":{"0":[0,0,1],"1":[0,0],"2":[0,0],"3":[0,0],"4":[0,0]},"_coverageSchema":"43e27e138ebf9cfc5966b082cf9a028302ed4184","hash":"e0fe3191d50950068b5702f24ec4429c1601ae5b"}
}
