{"/Users/lizavetabadunova/Documents/todo-vue/vue/my-project/src/App.vue": {"path":"/Users/lizavetabadunova/Documents/todo-vue/vue/my-project/src/App.vue","statementMap":{"0":{"start":{"line":10,"column":0},"end":{"line":10,"column":null}},"1":{"start":{"line":11,"column":0},"end":{"line":11,"column":null}},"2":{"start":{"line":12,"column":0},"end":{"line":12,"column":null}}},"fnMap":{},"branchMap":{},"s":{"0":0,"1":0,"2":0},"f":{},"b":{}}
,"/Users/lizavetabadunova/Documents/todo-vue/vue/my-project/src/components/atoms/AddTodo.vue": {"path":"/Users/lizavetabadunova/Documents/todo-vue/vue/my-project/src/components/atoms/AddTodo.vue","statementMap":{"0":{"start":{"line":14,"column":0},"end":{"line":14,"column":null}},"1":{"start":{"line":18,"column":0},"end":{"line":18,"column":null}},"2":{"start":{"line":25,"column":0},"end":{"line":25,"column":null}},"3":{"start":{"line":26,"column":0},"end":{"line":26,"column":null}},"4":{"start":{"line":27,"column":0},"end":{"line":27,"column":null}}},"fnMap":{"0":{"name":"(anonymous_1)","decl":{"start":{"line":17,"column":0},"end":{"line":17,"column":null}},"loc":{"start":{"line":17,"column":0},"end":{"line":21,"column":null}}},"1":{"name":"(anonymous_2)","decl":{"start":{"line":24,"column":0},"end":{"line":24,"column":null}},"loc":{"start":{"line":24,"column":0},"end":{"line":28,"column":null}}}},"branchMap":{},"s":{"0":2,"1":3,"2":1,"3":1,"4":1},"f":{"0":3,"1":1},"b":{}}
,"/Users/lizavetabadunova/Documents/todo-vue/vue/my-project/src/components/molecules/SortBtn.vue": {"path":"/Users/lizavetabadunova/Documents/todo-vue/vue/my-project/src/components/molecules/SortBtn.vue","statementMap":{"0":{"start":{"line":9,"column":0},"end":{"line":9,"column":null}},"1":{"start":{"line":19,"column":0},"end":{"line":19,"column":null}}},"fnMap":{"0":{"name":"(anonymous_1)","decl":{"start":{"line":18,"column":0},"end":{"line":18,"column":null}},"loc":{"start":{"line":18,"column":0},"end":{"line":20,"column":null}}}},"branchMap":{},"s":{"0":2,"1":1},"f":{"0":1},"b":{}}
,"/Users/lizavetabadunova/Documents/todo-vue/vue/my-project/src/components/molecules/TodoItem.vue": {"path":"/Users/lizavetabadunova/Documents/todo-vue/vue/my-project/src/components/molecules/TodoItem.vue","statementMap":{"0":{"start":{"line":12,"column":0},"end":{"line":12,"column":null}},"1":{"start":{"line":23,"column":0},"end":{"line":23,"column":null}},"2":{"start":{"line":26,"column":0},"end":{"line":26,"column":null}}},"fnMap":{"0":{"name":"(anonymous_1)","decl":{"start":{"line":22,"column":0},"end":{"line":22,"column":null}},"loc":{"start":{"line":22,"column":0},"end":{"line":24,"column":null}}},"1":{"name":"(anonymous_2)","decl":{"start":{"line":25,"column":0},"end":{"line":25,"column":null}},"loc":{"start":{"line":25,"column":0},"end":{"line":27,"column":null}}}},"branchMap":{},"s":{"0":2,"1":1,"2":1},"f":{"0":1,"1":1},"b":{}}
,"/Users/lizavetabadunova/Documents/todo-vue/vue/my-project/src/components/organisms/Footer.vue": {"path":"/Users/lizavetabadunova/Documents/todo-vue/vue/my-project/src/components/organisms/Footer.vue","statementMap":{"0":{"start":{"line":17,"column":0},"end":{"line":17,"column":null}},"1":{"start":{"line":18,"column":0},"end":{"line":18,"column":null}}},"fnMap":{},"branchMap":{},"s":{"0":1,"1":1},"f":{},"b":{}}
,"/Users/lizavetabadunova/Documents/todo-vue/vue/my-project/src/components/organisms/TodoList.vue": {"path":"/Users/lizavetabadunova/Documents/todo-vue/vue/my-project/src/components/organisms/TodoList.vue","statementMap":{"0":{"start":{"line":15,"column":0},"end":{"line":15,"column":null}},"1":{"start":{"line":16,"column":0},"end":{"line":16,"column":null}},"2":{"start":{"line":17,"column":0},"end":{"line":17,"column":null}},"3":{"start":{"line":23,"column":0},"end":{"line":23,"column":null}}},"fnMap":{"0":{"name":"(anonymous_1)","decl":{"start":{"line":22,"column":0},"end":{"line":22,"column":null}},"loc":{"start":{"line":22,"column":0},"end":{"line":24,"column":null}}}},"branchMap":{},"s":{"0":1,"1":1,"2":1,"3":1},"f":{"0":1},"b":{}}
,"/Users/lizavetabadunova/Documents/todo-vue/vue/my-project/src/store/index.js": {"path":"/Users/lizavetabadunova/Documents/todo-vue/vue/my-project/src/store/index.js","statementMap":{"0":{"start":{"line":5,"column":0},"end":{"line":5,"column":14}}},"fnMap":{},"branchMap":{},"s":{"0":0},"f":{},"b":{},"hash":"efc5adb53ff108731bf0455fb6c969a03a298b24"}
,"/Users/lizavetabadunova/Documents/todo-vue/vue/my-project/src/store/modules/todos.js": {"path":"/Users/lizavetabadunova/Documents/todo-vue/vue/my-project/src/store/modules/todos.js","statementMap":{},"fnMap":{},"branchMap":{},"s":{},"f":{},"b":{},"_coverageSchema":"43e27e138ebf9cfc5966b082cf9a028302ed4184","hash":"4100b2a357cba8769ed4ca5fecceff0477fe962a"}
}
