TN:
SF:/Users/lizavetabadunova/Documents/todo-vue/vue/my-project/src/App.vue
FNF:0
FNH:0
DA:10,0
DA:11,0
DA:12,0
LF:3
LH:0
BRF:0
BRH:0
end_of_record
TN:
SF:/Users/lizavetabadunova/Documents/todo-vue/vue/my-project/src/components/atoms/AddTodo.vue
FN:17,(anonymous_1)
FN:24,(anonymous_2)
FNF:2
FNH:2
FNDA:3,(anonymous_1)
FNDA:1,(anonymous_2)
DA:14,2
DA:18,3
DA:25,1
DA:26,1
DA:27,1
LF:5
LH:5
BRF:0
BRH:0
end_of_record
TN:
SF:/Users/lizavetabadunova/Documents/todo-vue/vue/my-project/src/components/molecules/SortBtn.vue
FN:18,(anonymous_1)
FNF:1
FNH:1
FNDA:1,(anonymous_1)
DA:9,2
DA:19,1
LF:2
LH:2
BRF:0
BRH:0
end_of_record
TN:
SF:/Users/lizavetabadunova/Documents/todo-vue/vue/my-project/src/components/molecules/TodoItem.vue
FN:22,(anonymous_1)
FN:25,(anonymous_2)
FNF:2
FNH:2
FNDA:1,(anonymous_1)
FNDA:1,(anonymous_2)
DA:12,2
DA:23,1
DA:26,1
LF:3
LH:3
BRF:0
BRH:0
end_of_record
TN:
SF:/Users/lizavetabadunova/Documents/todo-vue/vue/my-project/src/components/organisms/Footer.vue
FNF:0
FNH:0
DA:17,1
DA:18,1
LF:2
LH:2
BRF:0
BRH:0
end_of_record
TN:
SF:/Users/lizavetabadunova/Documents/todo-vue/vue/my-project/src/components/organisms/TodoList.vue
FN:22,(anonymous_1)
FNF:1
FNH:1
FNDA:1,(anonymous_1)
DA:15,1
DA:16,1
DA:17,1
DA:23,1
LF:4
LH:4
BRF:0
BRH:0
end_of_record
TN:
SF:/Users/lizavetabadunova/Documents/todo-vue/vue/my-project/src/store/index.js
FNF:0
FNH:0
DA:5,0
LF:1
LH:0
BRF:0
BRH:0
end_of_record
TN:
SF:/Users/lizavetabadunova/Documents/todo-vue/vue/my-project/src/store/modules/todos.js
FNF:0
FNH:0
LF:0
LH:0
BRF:0
BRH:0
end_of_record
