TN:
SF:/Users/lizavetabadunova/Documents/todo-vue/vue/my-project/src/App.vue
FNF:0
FNH:0
DA:10,0
DA:11,0
DA:12,0
LF:3
LH:0
BRF:0
BRH:0
end_of_record
TN:
SF:/Users/lizavetabadunova/Documents/todo-vue/vue/my-project/src/components/atoms/AddTodo.vue
FN:17,(anonymous_1)
FN:24,(anonymous_2)
FNF:2
FNH:2
FNDA:3,(anonymous_1)
FNDA:1,(anonymous_2)
DA:14,2
DA:18,3
DA:25,1
DA:26,1
DA:27,1
LF:5
LH:5
BRF:0
BRH:0
end_of_record
TN:
SF:/Users/lizavetabadunova/Documents/todo-vue/vue/my-project/src/components/molecules/SortBtn.vue
FN:18,(anonymous_1)
FNF:1
FNH:1
FNDA:1,(anonymous_1)
DA:9,2
DA:19,1
LF:2
LH:2
BRF:0
BRH:0
end_of_record
TN:
SF:/Users/lizavetabadunova/Documents/todo-vue/vue/my-project/src/components/molecules/TodoItem.vue
FN:22,(anonymous_1)
FN:25,(anonymous_2)
FNF:2
FNH:2
FNDA:1,(anonymous_1)
FNDA:1,(anonymous_2)
DA:12,2
DA:23,1
DA:26,1
LF:3
LH:3
BRF:0
BRH:0
end_of_record
TN:
SF:/Users/lizavetabadunova/Documents/todo-vue/vue/my-project/src/components/organisms/Footer.vue
FNF:0
FNH:0
DA:17,1
DA:18,1
LF:2
LH:2
BRF:0
BRH:0
end_of_record
TN:
SF:/Users/lizavetabadunova/Documents/todo-vue/vue/my-project/src/components/organisms/TodoList.vue
FN:22,(anonymous_1)
FNF:1
FNH:1
FNDA:1,(anonymous_1)
DA:15,1
DA:16,1
DA:17,1
DA:23,1
LF:4
LH:4
BRF:0
BRH:0
end_of_record
TN:
SF:/Users/lizavetabadunova/Documents/todo-vue/vue/my-project/src/store/index.js
FN:44,(anonymous_0)
FN:45,(anonymous_1)
FN:46,(anonymous_2)
FN:47,(anonymous_3)
FN:49,(anonymous_4)
FN:51,(anonymous_5)
FN:52,(anonymous_6)
FN:58,(anonymous_7)
FN:65,(anonymous_8)
FN:66,(anonymous_9)
FN:69,(anonymous_10)
FN:70,(anonymous_11)
FN:75,(anonymous_12)
FN:77,(anonymous_13)
FN:81,(anonymous_14)
FN:86,(anonymous_15)
FNF:16
FNH:5
FNDA:1,(anonymous_0)
FNDA:1,(anonymous_1)
FNDA:1,(anonymous_2)
FNDA:3,(anonymous_3)
FNDA:1,(anonymous_4)
FNDA:0,(anonymous_5)
FNDA:0,(anonymous_6)
FNDA:0,(anonymous_7)
FNDA:0,(anonymous_8)
FNDA:0,(anonymous_9)
FNDA:0,(anonymous_10)
FNDA:0,(anonymous_11)
FNDA:0,(anonymous_12)
FNDA:0,(anonymous_13)
FNDA:0,(anonymous_14)
FNDA:0,(anonymous_15)
DA:4,1
DA:44,1
DA:45,1
DA:47,3
DA:50,1
DA:51,0
DA:52,0
DA:53,1
DA:59,0
DA:60,0
DA:61,0
DA:63,0
DA:66,0
DA:67,0
DA:70,0
DA:71,0
DA:73,0
DA:76,0
DA:77,0
DA:78,0
DA:82,0
DA:87,0
LF:22
LH:6
BRDA:50,0,0,0
BRDA:50,0,1,0
BRDA:50,0,2,1
BRDA:59,1,0,0
BRDA:59,1,1,0
BRDA:71,2,0,0
BRDA:71,2,1,0
BRDA:78,3,0,0
BRDA:78,3,1,0
BRDA:82,4,0,0
BRDA:82,4,1,0
BRF:11
BRH:1
end_of_record
